Plaintext: O ETDLKKHW HMOF Q JUZI, P TOVDDRAA P DKYP YVAU É (JFVMQWFL C BYAO)
Plaintext: O UYMCBQHE NTHX H NCQB, K FOBWAIQK S ZOQV WNKD É (UIMAOGGD I HFBJ)
Plaintext: F BESXWUYK RBSA M WPLM, B YWFHSITU Y RVRA FOVH É (QOAPXASE N MPNO)
Plaintext: A JEWONDTA AHIA S IYCC, G JJOXASZO D SFDR JARO É (ITPNBQNQ E DZIZ)
Plaintext: R PMFTSPKO MXPR S BEHJ, M ZSAHKDEE U EPYF QVJY É (JKNWIASL S RTNC)
Plaintext: W FZRZYIPL FLXM A MINR, M GYQYUZVO I ZJDU AAKI É (VYWASLDQ H GJKM)
Plaintext: C TIKZYTVD QIDD N CRNX, U OYTMORJZ X EZOS KLWC É (QNAHCHTB F EJBR)
Plaintext: C QOVHGJVV GATI W JDVN, H OOZBESYV V PJEB EBRS É (VLHRWZMR O ZVLI)
Plaintext: K ISLUTQDY NSHO C RWIB, G DHEZOEWN E FUXF UUWC É (GURBMASK O NEQB)
Plaintext: X ABSDCYQY VVEO G XHRN, L BNVIZZFO I YQDM EAHN É (WYBVWMVT C BOHN)
Plaintext: G DNAJIEZP BVWW P NXMR, W KQJMVEJA P EIGW PDXJ É (PFVLHHFK O NEAY)
Plaintext: M DGGNMUFK RMOJ B BHXY, M OWYTNPQV Z HJMG LJQB É (VPLVDXRD J IKMO)
Plaintext: Q URWWVIJB FHRS U NYNI, F VBWDOFAA J NVRA DOWC É (YZVGRJCP Q PUXZ)
Plaintext: Z PHKIHFSG CYRY U RMGS, L FSFNAYKL D SQIQ EFZO É (ETGGHASA T SQNS)
Plaintext: L GOHBAXEM UDIY A YBMM, O PGJHVEEB T JVWA QTFJ É (JJGQNKDQ D CCYP)
Plaintext: E LWZMLPXM MJIO F IZPC, U JVQXAHUU D XGLL LIKO É (AJQGXPWB P OTRD)
Plaintext: P RCRCBSIU PVSH W SIVM, Z ZTAHLNEA O MWJH QGBZ É (VVGMTGTU Y XDOR)
Plaintext: F RSUJISYH WWDN K MMAX, Q JCKSBSPD K KPSZ BPPC É (GEMWFZHR I HICD)
Plaintext: M ZGURQJFG QIZQ Z CTRT, E UGEOUJLJ C TVWA RTHM É (ZOWSWLVF Y XZQY)
Plaintext: U MDLXWEZL GDRW X MDFL, T QNUGAXDO D XYDM KDAR É (WESEGWHT E DSCF)
Plaintext: A VVGNMTNW QISB G XNUM, R IXEHDMEF P EENH TPXI É (KKEVLMCF O NEXI)
Plaintext: Q BNXBDECM BTES K THSY, A JHPTJKQT K OJXX KKLB É (YUVFCXJA K JPES)
Plaintext: E FQCNMAAF XJZG R LXBT, E VBLOOTLI P YAUJ DRZN É (KQFKVQMH W VFHE)
Plaintext: B OQCRQSJL PCEV B MHFY, L QRDTFXQG A SVXA PULY É (FCKBHNWK N MQRN)
Plaintext: T ARUYXTNO QIPT L YSMJ, V VBEETEBP Q YGHK AEGO É (MTBUSBIU X WJDX)
Plaintext: L QHVIHFUU CLFC F TOWZ, F GMQUIORT N IZTP QQNZ É (PDUGIPRG C BGMN)
Plaintext: L TRHSRAEZ XRYG V YGGS, Z WILNGYKD S UWCG BZQS É (ZIGRTBBP T SUWT)
Plaintext: V ZCCMLFOQ CWEN F JHAY, P PAQTPSTP J DKMZ UJAP É (LZRHMWRZ M LIMD)
Plaintext: P EYHCBQIE NNHX Q ZTQB, Z VBBWTYKK C NYCL RZMD É (USHSJDXP Y XUSZ)
Plaintext: F VQSMLGYT DBNH M SOAH, K YNRCDIDR O DKIW FFVR É (EESLXGHV J IPCL)
Plaintext: P JRIXWZIR WQSB E YTLM, G EIKSPUPU Z JFSM TPFD É (UPLILQDF Z YWYP)
Plaintext: A YDBTSFTA COJR F BEHD, Y JNTDKDAE P TMOX FLVY É (AFIWXCPB K JZWT)
Plaintext: W WYHLKIPE FXXB R HUZR, Z AKKTRNQQ A PPAQ AXBF É (KQWKSLGN D CZOB)
Plaintext: O FDKMLOHL LBMM M MNAG, L VBDEUDBZ T BZRN HOLI É (GJKWZVQE A LNSD)
Plaintext: P JOQYXTIV QIKI R DTME, A GLPXEJUJ Q SLBB KYHS É (SGWRCLVO Y XLAI)
Plaintext: B QEVTSKUF HSTA C RWHZ, W ZQAUQTRZ E CUGP UDTE É (JURYMRMD A ZSCZ)
Plaintext: W AXMYXYPZ VCXB S GCXN, I WHQIZPFF S HEXB GUKN É (TIYBYBMF R QGHB)
Plaintext: B KDAJINUP KWEN L ESJB, Z KABWJBTP E YUQW PNUX É (YUBLHIDK O NEYL)
Plaintext: M EGPZYLFZ IMOI R ZDAN, J YMUIZSFL Z RACD ZZZN É (PPLXVVFB M LWAP)
Plaintext: C UMNSRUVK RWYN L NTKI, O KXRDFCAX G DKNG PKQT É (IWXNJNPD A ZBKR)
Plaintext: V ERWYXYOG VHSK E BEPP, F FNFKPHHO J OGDQ VAJD É (UZNUHRTN T SOOB)
Plaintext: B PIABAFUY CDYB Q NXGS, Y MYTNLYKY T ESOC FLVZ É (FZUIZZVR H GGQN)
Plaintext: E LWHHGPXZ MRIL B IUZC, K PRFXXRUD F PJHL BEGL É (SNIGEBFT F EKAP)
Plaintext: K DLRMLZDL MHUQ R PILO, V ZOAJODGU O ITEV NBWP É (WLGYRGRD M LSMG)
Plaintext: P EJBDCTIA TNDH C SWWX, L LCHSYOPN Y FYSL EPXT É (YSYDJXTP A ZUOD)
Plaintext: G QSVRQJEW WXNA V CIMH, W UQKCDEZZ O TPGR OBZB É (IGDQNZKR Y XZFB)
Plaintext: U LWLGFJUI GTDM S ODXX, P ECUSUPPK U HISB DSJD É (UEQIVJHI Q PQCP)
Plaintext: J QDVEBVFZ SFJX G XKQD, M UXGYNIVA E TUNI FPVI É (WWIMXNFF V USAI)
Plaintext: H BNGZYEYJ BWTN U HNNN, A AEPIZFFL A OFQV KNXZ É (NBMUCPTD I HCOW)
Plaintext: Q RXGNMOVO LGPY G XXBJ, O KHZEKTBE M VSEN BBOB É (KOUWTZMR A ZGHU)
Plaintext: U KUQBAEJF BLBR B DJPV, A GRPQAHNB D FWXR DULL É (IGWBVLAK E DIVB)
Plaintext: B TXGNMKXY HCSO I NSBM, V SDVHLTEP U YYLZ NIJP É (WKBSFNYY M LSTP)
Plaintext: Q KHMIHUJK RVCC L JCWW, C JMFREOOB C MIJB RGXR É (PSSUJEFW O NEAN)
Plaintext: L DTWPOQEV NHHQ V VSDB, F TWBWBVDS E KUQG TNQB É (DUUELBTD T SGOF)
Plaintext: S PCSSRCLL ZSYC H MYGS, P YMNNPFFP J RWEX DBEN É (BZEIVZRR K JXMK)
Plaintext: V AMECBTOW QIRX Q WIQL, B PSEGBYKN A FNCZ PZCP É (IQIKHNJP M LUEX)
Plaintext: F QCVONDYP ATDE A BECX, K ICOESMBB C DKUJ RRJG É (WSKUJGOH W VSJJ)
Plaintext: R BIFXWIKM FMOH Q SQLI, U UYDGPKDU M VIZN IWXD É (UCUGAUBM A ZGZD)
Plaintext: A USKHGZTA WJER W LHVY, K FWFQNRNI Q AWMP FJVB É (MGGIXSTZ C BBIO)
Plaintext: K ROBXWSDO PXPD G XRLJ, Q SOKUBFRG S NPEZ DBNP É (RIIZVZXR M AJCP)
Plaintext: A FAUDCETA BLIM C IWRC, C WSBWUDTN C FDIL RFSI É (ESZWJNFV O NENQ)
Plaintext: G TRGNMPZV MXFW O YNBL, H YADGIVDB O JBQN KNFW É (WEWUCLHQ B AQOA)
Plaintext: Q FBRJIFJC CSTM F JGIX, U ICNSGAPZ Q RISE YPXU É (AGUIQDUR B ATPG)
Plaintext: M AGHVUQFF NZHS P CEVZ, M UHRUNNRR H TWXB WUBB É (IXIBOPES S RGZA)
Plaintext: Y HXSMLJRP GCTC U LGNQ, Q WYTLBFIW E YUOZ DLJP É (KUBPTYKC J ISFA)
Plaintext: P KQLWVGIB DMOY G XQRN, Y NADIZJFJ C PMQN RNLN É (PSPGWHEI M LIZN)
Plaintext: Z UCIBAUSK RYVW L ZUZL, A KKPGRRDB Q RRAG PXQF É (GGGSJBEC V URZQ)
Plaintext: E GNWSRIXU FHFO C QWBZ, F IORUWTRF J BEEU HBHK É (IBSVVMRC D CAMD)
Plaintext: V PDKLKUOK RVYS E NGGS, W WQINJYKN X FWGS MDJX É (HJVILNUP Y XUPQ)
Plaintext: O ZOWXWPHQ RJMA O LSXG, Y PAFBBPYP V HAQZ ZNTJ É (HEIUUOHS K JFCQ)
Plaintext: A PHRIHWTC PHKC S ZUZE, I DMDZFRWU C RICN RZID É (UQUKDYUF N MGPH)
Plaintext: L VEYYXZHH DZRH U SLJL, M BORGNBDL Q DKEL VCVO É (XTKTXEUS A ZHPY)
Plaintext: B FSBJIZRU WEFY E GINZ, O IFKUPFRN O FPVD QCYP É (KGTCIYLS M LRGB)
Plaintext: M BGLCANVM KRDA Q EGPX, Y WCYSUHPX G WGSP RTLQ É (XSCWJYCJ C BXXK)
Plaintext: F NSXLKLXQ IJVK S LUZP, K UAWKLRHB L TINY SKYA É (XIWHKLFA L KRAS)
Plaintext: C ENNXWSHY PNAO J ZNLU, M MODPNDMD Y RHQH CNYG É (ORHIUOOD U TRJN)
Plaintext: Q OQUZYGTA DVNQ G XBNH, D RHRCXFZN Q RHZB IWPA É (FAIJABWM O NERZ)
Plaintext: E DEIQPEVF BXFA E PZEZ, A EVPUBWRZ E AUHM CEGA É (IUJTUORU Z YHMC)
Plaintext: T FXGNMWMW TCJM S UGBD, Y WTHYDTVC P IXCN CZJN É (RFTZUODP A ZUYP)
Plaintext: Q KLYLKBJY YTRO L HUZL, M AAMGNRQC Q DKOO PLSQ É (ZGZTHFGB B AHBB)
Plaintext: O BJDZYOHI LVTF Z ZSNN, F IOZIZRRT R PXRY SOAD É (UHTTKWTE L KHOR)
Plaintext: C DQQSRGVM DFYC X DKGS, T KMRNCASK B SXEE FBVQ É (GRTGXZFR R QYAA)
Plaintext: V NEIGFKOO HJPA E LPUJ, R PEVFCICN H FOQY SNHQ É (JXGJKIVD L KPQG)
Plaintext: J RCMEDSCY PLRO S NCSL, Y GJQLTDIW B RFGY SDKH É (WRJWKQET L KSWT)
Plaintext: H TUULKUAK RVBH Q SUZV, M IZRFKPCE B HIPL JMXY É (IRWJBLNC Y XYFY)
Plaintext: O DZWZYZHM WHFV I JYNZ, K HISFNSCZ O QRYO AVJB É (YEJJSXHL B HHSJ)
Plaintext: C PMBXWQVD NJHT N LGLB, Y HCCSWFPL R ZZSB DPZK É (HHJAVASF V UQXG)
Plaintext: A RESPOSTA PARA A VIDA, O UNIVERSO E TUDO MAIS É (QUARENTA E DOIS)
Plaintext: S IIUUTCLY ZXDO S ZNPN, X XOCIZHFB R EGEO UBRN É (KHRUMZKL L KXFK)
Plaintext: X FQEHGGQM DVFM W BFYA, G KPCVLQSN R FJFF PCLZ É (VHUDHJWI Q PKRW)
Plaintext: K DSIZYIDF FJWE E ALHA, A XZPVOZSD I GWPW BMWC É (WYDLRVOU V UIJU)
Plaintext: C RXKDCSVT PCTJ S NFBR, L XFSMBTJM Z QIVZ ESXP É (XPLSAEAM Z YCVC)
Plaintext: G KOULKEZR BQRZ T AFMI, M OZFDNEAV C WYPI RMYB É (HSSQNRYY S ROTX)
Plaintext: O YQGNMGHY DORI D ASNL, N FZSGDFDP L QHPQ DMIR É (NYQZLWGW B AXBK)
Plaintext: Q WAISRXJM UTAC J RVOU, X IMSPMGMA T QQCL TZOA É (DHZMFHBE K JKWT)
Plaintext: V DEZJIUOK VWIN D IIYC, D RPJXVQUB O DKFX CCIG É (BQMKREOZ I HPJA)
Plaintext: M RGWLKSFY MJDO D LVEX, X ZCASPWPC A GVSA LPCT É (JOKEAQXM R QASF)
Plaintext: O PQUVUGMO PVPP Q UVYJ, X UPDEAQBM D TWFN FFKY É (EXEQNIEV E DXZK)
Plaintext: Y HCIZYBGX YLSZ T CMYM, K GPMHBQES Q GXFZ AMFJ É (RKQZSUJC C BJEO)
Plaintext: C MEBBWJGG GUFF G XDLZ, N JGUUCDRM C GHWJ LRSG É (AIZMDSOH W VBJH)
Plaintext: E ZVPAZETA BDRZ T JGOL, A WXPGMGDM S XNZV IWBS É (HCMRAASM I HNNQ)
Plaintext: O RSGNMQWL NXHZ T MPBB, N IABWSTTZ B ODDE UAIK É (MORCMVLQ R QLGZ)
Plaintext: A VNSAZTJM QIQM K ZXOK, N YJEFMGCC K EBWR MTNW É (RXCZEIUJ E DTPX)
Plaintext: C QQVAZGWN DJZP B LSOT, E HRROMGLP U XJFW YCSU É (VKZLQRDS J IOYG)
Plaintext: D RZIRQSWX PKTC E BEFN, V QMDIZXFF Z GEOH WLWC É (OPLDOYBB U TBWT)
Plaintext: U SHUIHIND FUEP N KHWY, Y KYTTCOAM K PRME EJPX É (XADPWDKZ R QKFR)
Plaintext: L CCKLKREX OAFP V TUZZ, H VBCUPELR H NAVQ ZSYK É (GXPNRIXI D CRSL)
Plaintext: O IOTUTAHX XUGG Q NGIA, P WOLVFXIW T WHII MFHT É (EJNVEMVV V UWQX)
Plaintext: X CRCCBUQK RUQX C YWQK, K XAFXMGUA L JMGU VDFA É (NBVQNFPT H GBKS)
Plaintext: F CEWXWFYN CHWA F ZFLQ, W HQAPRPMT X HRAS CXOF É (ANQDUOBN F EFOJ)
Plaintext: A PQHJIGTA DKQJ S AOXK, Z NWLBWNYC V BVMA HJBK É (YLDMZXKZ N MXRK)
Plaintext: M SGIMLHFN EXQR E KIAK, M DFIZAWWL D NOVV MSZO É (STMTEVXI I ASID)
Plaintext: P FPJZYRIN OKDM U QTNX, O BSUHTJEJ Y WXII QFTH É (EOTYIECV Y XSJY)
Plaintext: C SYTLKXVE UKGY D KUZH, I JXMCCHZS L JGNR JKFQ É (NBYDBRNM K JNCA)
Plaintext: O SSZBARHV OBTB M KVJU, U EIYPLBMF U OEYY SVOZ É (AKDHKPCF Z YLXC)
Plaintext: E JDTKJRXY OSGO G XXVD, D RFWYJNVD B ZNVD BSBX É (FRHATNEA B AYZS)
Plaintext: N AETTSEGH BVGA R HPEK, Q AREFSWCX G WAHI ZEGG É (QWAJQNGC S RPBJ)
Plaintext: W DFGNMHPP EEXQ M UBRP, V HJZKFJHJ L IYZM IWRT É (NBJUOQWE C BGRA)
Plaintext: Q MPJYXUJK RMOW J DZWU, G MVMPDOMS P ASLF VIOR É (ZFUPBHNU R QGIQ)
Plaintext: B UVWZYHUW EHEF V KHHY, D RTVTXZQF I MEJO TGAL É (RXPNSIEL M LJZN)
Plaintext: C PPJAZHVZ ERXS N PCER, P VBCMJWJK R KNRX NOSX É (ZSNAJBUC M LAPZ)
Plaintext: D BPJKJYWM TAGX Z UPQA, H OWHVSISV A SAMV ZJES É (QSARJWRS H GBMO)
Plaintext: N ECAQPPGO YNPI X YYIJ, T XJMEFABS Y NFZE IWRJ É (HNRIMYDP F EUYQ)
Plaintext: T RFRKJSQI CLNF F RFUH, R GSQCKMZE H AQIR VLIK É (XLIIDASB S RPNH)
Plaintext: N DSUKJYCU VFWR A AKSQ, Z EZJLVKIW U JNPP MAYD É (UYILEQUQ J IRPR)
Plaintext: N TFDXLHAD ERJJ N JPAD, U NESYSSVI S QZUN FCVY É (GPLCXHLS A ZTGG)
Plaintext: A CFLHGQIQ NAHV W HTVB, H AJBWENTG M VRWN ATHA É (VGCDSYVJ A ZJQB)
Plaintext: D LWSUTODV LNBT D QMIV, Q YNZQWANO Y AZGQ CDWC É (XGDWUOKT D CAFB)
Plaintext: Q FZQDCXQG USNB I DVRH, X SGICIJZJ H HQVH ESYS É (OJWRWLFI U TRAW)
Plaintext: D ADZKJKZD HDWW N BEYQ, C EPVLGQIW K WHQI UNPJ É (YARTMXFD V UHAU)
Plaintext: N LWMPOIGP FAJJ R VCDD, H NYTYOVVL L RXQB LNZA É (NBTVDMAD O NEVH)
Plaintext: S IFKUTCLH ZMOS K HLII, L AWNDJAMA E RULW CIOQ É (IUVLUOYY J IQTY)
Plaintext: X UOEYXOQT LEZZ T QYMT, E FFZOWHFC Z MGJY SGJN É (IPLCKFLW L KFGP)
Plaintext: B MMQRQXUR UQWE C DWFQ, N QSILLWAT B KVWA PTJZ É (DRCTHPCJ N MHXP)
Plaintext: U YVZAZKNZ HOIJ A IQOC, W NQVFARCD D XXNQ BKEO É (BTTJTETA D CYOE)
Plaintext: D WIMJIPWU MWAN J TCXU, U ZKMHCRES T OOEH QBCQ É (OJJGIZTR U TIZE)
Plaintext: M EGRHGAFH XRMG W QLVG, D ROFXTMUN K FYEY SBPH É (FAGSKZWR L KIDQ)
Plaintext: K ZACQPXDQ UEKP U CYEE, Q ZRAODKLN B FNHO JEGR É (WRSHBUNU B WGDQ)
Plaintext: T MMZDCJMX GNSY O UDRM, V QICFSXCI R IIYL TVXG É (WHHJLSOL R QIPQ)
Plaintext: G VVLBABZC YUNW A GOPA, M HJEVNOSG O ZIZX IWXB É (ZEJAAFHS M LZPG)
Plaintext: E CIDVUNXH KZAF J ELNX, M XCUSNFPT A ADSM DPAB É (QQAKVWUS K JXPK)
Plaintext: Y HNPHGLRL IEJS W MFNJ, P UXLEIFBK P TBNO DKRW É (RFKZVYKS A ZBFI)
Plaintext: K MYNQPTDE QIQQ B AHQY, G GZCTGIQB R OOPF YMSU É (KHZUCYOI K JRJB)
Plaintext: T QVVDCOMN LBVK G XXHA, H VBSVTZSB I QFRP WOLH É (FYUKACMM V URHM)
Plaintext: G JHQIHBZW YKAO B JOIR, A XRPMKAJE S SWHE JEGY É (HIKBECFK C BRAM)
Plaintext: L SZDTSKEU HTHR D YFBB, V OIBWBTTV H IWYZ AVIP É (JIBZUOQD A ZVLG)
Plaintext: W BLMQPRPD OQWI F AVWQ, X YZQLBOIW C ZZPZ RMKP É (PGZDUOQO C BVLB)
Plaintext: T ZJTCBWMQ EORJ V RSYL, Z NPSGEQDP C QQFU RCAE É (IIDTUOKO T SHFZ)
Plaintext: F IRYUTBYV VBRC M BEAL, P IMJGVSDK X GRCS UZJE É (TZTTYEFI R QHAP)
Plaintext: X VMDGFFIM FSMX D QTQG, G IYTBWIYM V DKOF LNUQ É (TXTTYIDD V UHYZ)
Plaintext: J TZHEDXYM UJKZ T LVHE, X DNIZPZWO I PFDW SLUQ É (NBTXKGTB L KXOK)
Plaintext: H NIAMJSPP PJXB Q LMYR, N BPDMKQJE Z EHFY SBOQ É (IRXXKZDR L KBYR)
Plaintext: P ZPJAZSGG PMOR C GWOI, K OGDDMGAV Q GJOY SLJG É (GRXJKKOB L KZJP)
Plaintext: K IUUXWNWH KDFI R ELLZ, W FQYUODRM Q XPZC IWHK É (WRJJAKVM P OSQR)
Plaintext: X VWPJILTA IEFZ T RGXZ, L WFWUEPRC T AIGC MDXI É (GVJJEETT P ODOI)
Plaintext: G MGNYXYFV VXIP K IGMC, N WAJXVEUZ F HTEO KBHB É (RVJZCZVR B ADQG)
Plaintext: B FVAAZPUX MSZM U ZBOT, E ZAAOMGLN R FTGO DDSM É (YHZDVXMT B AXHK)
Plaintext: D AQRRQGWZ DUAY J ZZFU, O QVRPCXSL R HNXO OUZM É (WHDBGNKK B ASFA)
Plaintext: U CQIBAGNP DWTN E CMPN, D RTRIZASB R YIVE OSXG É (YHBUGXOI R QQJA)
Plaintext: E ELIQPJXG GMOP E TDEI, Y KGUDNHSL H WGZI IWZB É (PXUFAIEM V UGZA)
Plaintext: T UJLLKAMX XDQG Z UUZK, Y FXLLLFIW L AWPG DMQZ É (NBFFVPEC T SQZZ)
Plaintext: O LWCLKBHN YUSQ X NUZM, T HOSPBHMD J QGPZ BMOP É (RZFZTNEC M LBYK)
Plaintext: O CNDGFUHK RKIF K IXUC, R JZSNLYKB C QRPK RMSZ É (HSZUJPIC X WQYM)
Plaintext: J SEWEDPCW MHZA B KOST, E PDSGWWDD N QYTK BQIK É (HDUSTGIG X HFJR)
Plaintext: H PERRQRAL OTQA S MPFK, X IDIRDAOU N UWTE MQIR É (HDSIEEUG N MVLR)
Plaintext: U BHTIHTNN QIGV S CIWW, X TPMRBQOS H UYFZ TCIP É (LXISLIUO E DHQW)
Plaintext: L QYVZYJEE GKDT V TDYQ, X TPKLDQIW C GPFX RCMR É (LSSDJYVT C BIQU)
Plaintext: C SZLZYAVO XBPG M KLYL, B NPDGUQDM A GNFN TCMI É (XQDKLSAT Z YYVC)
Plaintext: C JSCCBRVD OLEX N WPCJ, B IFOESUBM Q GRVX KSYG É (XGKIKXYY L KNTJ)
Plaintext: F TNTTSHYY EAGO T QNCZ, N GJOUWURM A WHZI IWYK É (XQIXLXGW R QLBZ)
Plaintext: W IPJUTEPY BVXZ T LGOJ, N WHIEMGBQ L AHXP MUYA É (NBXJBINE K JQIX)
Plaintext: X DRGNMQQT NVAD J JROU, N GADPMGMQ S YHQN CNOA É (RQJKQKDL Z YQYC)
Plaintext: Q DHSIHFJR CCHD N ZROB, D RLBWMGTC Q RLBP CYSA É (JFKAOPBB P OBWT)
Plaintext: L YYHKJHEE DAFP L JLEZ, H YLRUQWRC S CLBG CYQZ É (QVAPTPGZ B ADBR)
Plaintext: N WPJMLYGX NEHP E UGIB, F WFBWQATC J CXVE GSRK É (GHPNTUXE C BISO)
Plaintext: P JFACBIQX YUYP P BEGS, Y YAMNCYKS H WXQI GFHM É (EINSESVV S RIQA)
Plaintext: F ACKTSIOX FUWF P ZUZQ, J PYTLCRIW L RXOY ODFR É (JYSSGAST H GNNG)
Plaintext: W ROZKVGHB DUAJ J BEKU, J NORPCCMU B PNES TAKR É (ANSDLHEQ F ELZZ)
Plaintext: N RDUWVISB FYQH E SPKK, D RYTFSCCN B FRPX TMBW É (YLDFLXKC K JTFO)
Plaintext: D UFKQPZSN WYQA C QWEK, Y HJKFWWCY B PJVX YSZU É (VQFKQVDI K JAYE)
Plaintext: A LOBLKXMN UKQL S UUZK, W HQIFURCY F WQOI WLWC É (HQKKOASB V UQNQ)
Plaintext: M SZZJIBHN YKUL C KWXO, M HOMJNPGS L PGDK EAIJ É (NBKPWRIQ X WODR)
Plaintext: M SGDZYRFD OKUF N KNNO, W LQCJYFGF N EETP LQOZ É (GDPNDPUG C BTPH)
Plaintext: C SETJIRVH OAGA U KLXA, H LHCVYPOD S UJFP BCHX É (VINVTMVS C BKQW)
Plaintext: M IGTUTRFF OEGY S OPIA, O XFCVSWTA S GAGU ZDWC É (LIVCRYLT H GIGU)
Plaintext: X MXTBAVQY SCGO U OFPA, M XJGVFPTM X HYWS ETMT É (XNCSWEAJ F EFVZ)
Plaintext: E KVXZYVXJ SVWY L AFNQ, O XZGBDEYS V XVLA VIYR É (YLSQNXYY N MRTK)
Plaintext: C DZXBAHVJ EGAJ J AFPU, F NZOZAUWL D MHJH TGZO É (OTQVLMDW U TXEO)
Plaintext: E OPJSRHXD EGYQ N AJGS, D RYTHMGEA K KNOX QLPA É (DAVMICDB K JAJH)
Plaintext: V OPJQPHOY EARO D QJEL, H JYTOSHLQ A PGOV CLEG É (BQMKUOOB I ZRNQ)
Plaintext: T IPJUTXMW UVCQ D UVIW, T QJYELXBC Y PVZA IWCZ É (GOKHAPQM L KFGB)
Plaintext: X DTZKJBQM YTCH D SVYH, R GLWCAMZD D ALBR BYHO É (GTHTTFVJ N MTPH)
Plaintext: N BTDKJZGW WJWF H LVSM, W EQEHQKET U CXGP QDHE É (RKTZIUFS Z YZAC)
Plaintext: N RFBKJSGH PTRJ H WBXD, W JQLYCPVI S HYGM GDSQ É (TIZSYYLD U TXGK)
Plaintext: N BFUONDGO AEPZ T HZXB, H AVBWDPTG P HOLY SIUR É (YFSHWDGJ R QHBI)
Plaintext: R MFFONDKM ALFZ U MHIY, J YTZTTAQL B MDJE TGZH É (YRHHCIOE B ARJL)
Plaintext: R TVFAZXKO UJPY U DOKK, O VBEFICCL H KBRX JOZW É (DXHVAMMM U TWHP)
Plaintext: D RZZAZSWF PLWY Z BEPQ, O HIVLGHIW A SGYM YVEU É (BAVBKFPK L KBKA)
Plaintext: D TXUAZQWD NKPJ X YCPJ, T NYTELHBY P ZGOC WLCZ É (RRBZUOTN Z YFOC)
Plaintext: D KQSQPGWH CLEL F KHUY, R GWQTLMQD F PRMO BJKK É (PFZJZZER N MYZO)
Plaintext: T IBIUTQMT OBUQ M QYSO, Z VBCJWKGD R NTRP BOQO É (STJTEFGC T SHBJ)
Plaintext: X MBSSRBAR UQGQ C JWAA, G LSIVYSSI S SYIF MOTH É (WZTYIASE R QSNG)
Plaintext: V CVDLKQIW NOHV A YTHB, W XQBWDZTG I JYGU JAXQ É (HXYDBINQ B AYIQ)
Plaintext: O CQKWIFPW CTXT F OFXR, U YNQMDPJO X HDDY SVIB É (JHDHKGKL L KTFJ)
Plaintext: Z COIHGVFH STMB W ALVG, Z OZGBINYV V EBVD DSKH É (VRHAVJUI Q PBPA)
Plaintext: Z GEXMLHDJ EEKI U BEAE, Q DFSZGSWL A QRFI JCWC É (QWAJBNNS V UZIO)
Plaintext: T GPJDCIIO FGPY R RTRJ, O BYTEOJBJ A GPYM EVRK É (NBJUWYEL Z YCZC)
Plaintext: O OVKBAYZO VLPW D GJPJ, L GNJEVHBO P ZSPF MMOI É (XFUAEASC S RGNI)
Plaintext: E TOAYXNXT KLAB J EVMU, X GDYPLEMO I QWDO KAYL É (QYAVCMGQ B ARBG)
Plaintext: B TDPKJLUR IQCS C JWYW, D RPWRJQJA R EHRZ NORP É (HHVDFHME M LTHQ)
Plaintext: N YTNQPQGZ NOHQ R JMEB, W TQBWOGSV C SJXF RUIA É (VSDBJEKK S RFFA)
Plaintext: T WFSJIQMG NWHN H UBXB, L YGBWOZDS I YVVA CSWC É (JYBEUOUI N MAPF)
Plaintext: M EGSYXBFW YDMZ T WZMG, B YVMMAQJC D WQFI ECKO É (PTEIWHES V UXZZ)
Plaintext: B LWDONDUU ATKF U BECE, N DTJHVEEV L GNPG QMQJ É (NBITIYJC T SHMH)
Plaintext: R BLFAZIKZ FRSY K BEOM, O BESPSSMM J QXUJ LROG É (XZTVDMOH W VUYD)
Plaintext: D ZJKBAIWQ FWZN Z GPPT, E RJDNCYKA M VQZN IWYQ É (HCVHAASM A XXGK)
Plaintext: E EOKRQNXO KNPD X ERFJ, N PNJQVWNO Q AHDY SAIJ É (MGHCKGLQ A ZJCR)
Plaintext: U VOPGFLNL ILNP C MWUZ, X SGEUMGRU B EVWA LTNA É (RRCZDEUF A ZPJB)
Plaintext: J TZNEDTCX QISQ C TWYK, C WPMFAQCS D XJFM CCSO É (VTZJUOVM U TYQB)
Plaintext: H QBVJIAAD XUJG N JMDM, H HAKHOVEC P GPQH QNWC É (OFJCIRFT A ZOAJ)
Plaintext: M CGCJIQFW NAHV P ZHIY, L JGNTUAQM K RNWE ETPI É (XACTSLFD A ZJAB)
Plaintext: M IGSUTOFL LTET T KPMT, E VBROSELR H XXRO KOYG É (IXTLBXND J IKIB)
Plaintext: X BLQWVTQB QIQE E MNFQ, N QJCLCXIW R SHZH IWJQ É (OHLRRFFL O NEAN)
Plaintext: Z QJVBAKSN HYGJ K YQOA, Y NHEVMGSA K AMXY SUPA É (JURAMBFD R QQAP)
Plaintext: E GRMBAIXO FWZN F TUZT, E XKQORRLT B YRAM CXKF É (QXAQNIRD D CYMP)
Plaintext: E SYKGFFXE XCQG N QFFK, Z QOLFWXCC P BVEA HBSZ É (IJQLHPTP J IUOJ)
Plaintext: J TOHEDRCN UAEP L AHAY, H HZITASQN D FOPG MMJH É (IPLMTZTR S RBOP)
Plaintext: H JMTMLXIX EKSA O TTIM, F VBSHTAET J QXRE QBJD É (UYMGBZNR I HIIP)
Plaintext: P YRZTSAQC XUYG S KOGS, I JNLNCYKO H SIDO FVVK É (WOGSXHTL D CSOY)
Plaintext: W WISJUROH OZWB D YLJQ, M PICLNBIW R EOYR MBXR É (WJSAEZTR E DSOD)
Plaintext: M BGHZYFRL CEGJ F MVNA, X NFQVTFSU B ZJEL TBXB É (QKAWLZCR Y XAXG)
Plaintext: K BDHKJTVE QIQH R SOYK, Z XPEFOQCX G WQNX DKRB É (WEWDVLHA K JSCS)
Plaintext: P MVVMLZGN WBVK M QFAP, L HIKKWSHB L OISF DPXJ É (WQDKVNKF S RSFY)
Plaintext: G JFBYXXIY UKAO J ATMU, G MZIPUEMM I TIVB LSXB É (FYKUDNWI O NERH)
Plaintext: B SYZTSHUE EVEZ T KHHY, D RNSTXZQB E WUHI DEGB É (KUUUVHCU V UGXX)
Plaintext: W DPJQPRPZ OBXB M PNER, N VBCMBWFV L IWNP DKLN É (NBUCVNLA C BGGS)
Plaintext: T JDTAZWMH TWGN D ULOA, G OHHVMOMB S OWWZ PTOP É (ZICUHNBJ M LAWT)
Plaintext: D ERYTSBWF YERI R YVHL, X XFMGBTTB C XQMZ RJAP É (FSUUJWWZ M LGRN)
Plaintext: W MXDKJFPI CCXF F RFYR, L IPQGVWDK C NWHH REGJ É (OSUGJBXU U TGSY)
Plaintext: N KVHYXYGM VFSP L AKMM, Z OZFGBIDP K IWIZ LFPP É (EAGIDERV M LPQL)
Plaintext: B NFAMLHUX EJAI J LPAU, F JMMOBOLS C JFCZ RZFP É (ZSIIJQDP M LWXJ)
Plaintext: P RPJSRSIZ PUYZ T RTGS, D QYTGKXDE C DKOL RLAY É (ASICJWLB Y CQKS)
Plaintext: V CUUQPYOL VWBN D MMEV, P IGDGPNDK O PNWN ATBD É (UECISFHJ K JFIA)
Plaintext: T EZAAZTMG QIFB I UVOX, Q ICDSSIPT Q XZSN FPVG É (GGIIXVOL N MYRE)
Plaintext: D QDVKJBWD YDQH N SGRZ, K UJLUEJRJ Q TFZH IWHS É (OGIRAQEU B AQZJ)
Plaintext: N LWDPOZGN WASF R VGLZ, W WQDUKDRE K AOGN UDPY É (KARWMSIC X WIDY)
Plaintext: S IFBUTCLG ZKEP K XGXT, E WADOTPLF Q HEQN ANLH É (RGWZBPNG C BNIA)
Plaintext: X SQEYXGQX DDZZ N ZOFZ, A QAPUJXRZ Q RZQW JNSX É (YGZHTWCL S RLXQ)
Plaintext: B LWIRQRUL OUWM U ZGBZ, H WIRUETRL Z RAYB ZVZS É (IPHALJEA Q PIZS)
Plaintext: U CRTAZTNZ QIOY E TGII, O WARDFAAT E ZUQE UNJT É (IWASQHUC K JPPZ)
Plaintext: D QZVLKFWF CSTG E ZSPN, Y FALIZHFP H RGQQ VNJN É (FQSKOQWS Z YCRC)
Plaintext: O EXHRQAHD DBWC M ZUZQ, Y KMRLLRIW T ROCW PZRY É (HFKPLYDU S RAYQ)
Plaintext: U KACMLXNP DRIJ E IUZC, G NORXTRUD Z DKEF BBIL É (XYPNSCGB K JJBM)
Plaintext: P IEZUTHHQ MMOQ E NOHI, Y ZOADPZAN I FREV JOYJ É (ZQNKFHUE C BRPR)
Plaintext: X SPJSRUPK RNXA Q QUZR, Y FIFMWRJN Y FYYQ LCAS É (GIKRDWQS H GVLH)
Plaintext: V CRCVKXHW UHNA S CUZH, K OOICDRZV T ZIES UYHA É (JNREMYVO F EAQF)
Plaintext: Y HDTXWJHE GTII S IDLC, M EOUXNDUN U FIGP CDKE É (XLECUOLT C BPGZ)
Plaintext: C MYLZYPTA MBJA M RIND, M ZXAYNFVN O FFWW GTYJ É (TICLYQJJ J IREO)
Plaintext: N QERZYYVH VXDA S HLNX, G ACJSVFPZ A XHUJ LRUY É (YPLTDXDH W VHYH)
Plaintext: P FNATSOVO LEPM S CXHJ, M UFZENZBB M VXOH ALZA É (OCTXSASB U TJNZ)
Plaintext: W MSQZYJPY GLXO B DDNR, M GRUMNFJO K PZDQ CAPQ É (MAXCUOLQ D CQGR)
Plaintext: C TVLZYKVY HVTO G XMNN, V OXVIZFLC T EGWY STNS É (GJCRKKDJ L KTYW)
Plaintext: C DHMIHEVG BVAI J JCWU, A KGPPBXUY B XJOC ULHZ É (VRRTMPVB P OHQU)
Plaintext: L DNGNMQEY NDHO V RXBB, D RWBWOVCD F PXGH BDWC É (OVTJTFAT U TDVR)
Plaintext: Q LWSQPYJY VVRO B NYEL, P YRJJCPGT K HTLW EIPQ É (GAJLWDYY J IITK)
Plaintext: T DMACBUMK RVRX K USQL, V ISLOYELR Z MYJY SGHM É (YPLSKXVW L KYLH)
Plaintext: F DHWIHBYM YHZC A BEWT, E IQUDDXAL B KOGO ODZR É (DRSVGMCT B APJF)
Plaintext: L PIDRQIEM FJRF V LMFL, U FXCFTPCA R HMNQ TKEH É (BHVJLFPA D RAGB)
Plaintext: U RCKHGSNG PJRR W LIVL, T HKGVRHST T OGAX JXCF É (YJJFBXNN D CXEK)
Plaintext: K ROUCBSDM PDDX Q TPQC, R XILXLMUL A BVYA HVZZ É (FQFKZPWH W VJAX)
Plaintext: F LWUDCAYM XJFG C LWSJ, O ZRAEAKBD D ZOHO BEGO É (STKATUOD U TOJH)
Plaintext: G RSCXWSZV PJFW K LJPM, V GZCHTHEI R IGPK QMTH É (QHAYIJBM Q PAWT)
Plaintext: A RZUJISTA PSZR G COWA, I JDSVLOSG N QYTP JQRZ É (ZDYSMKLZ R QKGY)
Plaintext: M AGURQEFD BXFS V JDJW, G XIURDBOD S UDYF BVAR É (HISZRIXJ P OCSP)
Plaintext: U FQGNMGNP DAFQ D MFHB, P TXBWIZTK I ZBND TKIW É (LYZLDFCV J IDXH)
Plaintext: Q IQIUTGJV DMXX H AVQR, X YZEMGIJX G OYPX YMMU É (QPLQNDTA U TBOS)
Plaintext: X UYIBAAQE XBVK M WXYP, B OPSKDQHV A QFFM WCRR É (AAQCFZLR R QYGL)
Plaintext: E AQCLKGXU ATPI B BECJ, G MROEKUBE P GSHF TEGK É (FXCMGIWJ D CWRJ)
Plaintext: O JQILKGHT FLER D RHHY, V GYTTXZQM I IQOX ALGH É (WJMEEVPU I HSKF)
Plaintext: O ZCITSPPR VQXZ T PVWR, X VBJMVOJQ A PZRP NXXF É (OOEFBFNN U TBIG)
Plaintext: W UERLKWEO TOPD V JRYJ, N OPHEEQBV S SHFU HVPB É (ZAFDZRJL E DOEE)
Plaintext: O VEWLZQGV NLHI C YWOB, P GLBWMGTK X GLBJ DRAK É (SKDAVWKH W VYFY)
Plaintext: O PYZCBFWI CSMX F RMQG, W YQQBQIYM V CQVK MSTX É (QCAYENII X WKDJ)
Plaintext: A BEHJIYYG VFKZ T JKXE, Z DGJZVPWC S HATI ZQRH É (MDYURFCG V UPXG)
Plaintext: C JGAMLQFP NDHP P BEAB, N BEBWKSTE Z UFNF JKNT É (NBUDBQNA S RGIS)
Plaintext: C LWSAZIIX FMOR U GTOI, J YYTDMGAL I OWYD VVOY É (LYDQNJKL Q PYFX)
Plaintext: D UUKWVNWB KUBY K EMKV, O FNYQCCNX G ZOVZ ASMP É (FWQASHWI M LJRJ)
Plaintext: Z COPBALSG IYZB I BEPT, E SGWOEHHV C WZHI REGH É (QSAMJDBU V UCWT)
Plaintext: E GDNRQIXV FDIP C IWFC, C QYTXLUDR L ISMV JJRS É (NBMRBENZ I HAIL)
Plaintext: U LWKPOPNX MSQL R VBDK, W ZQAFXOMS Y NQYF UVOL É (ZORIMCXL S RWSM)
Plaintext: S AORJICLN ZUUQ K TZXO, L HVNCVZZQ I ZMIR NFAJ É (EYIAFWPV E DXKS)
Plaintext: M CGEYXAFP XKZG C CWMT, E LTHMRWJK U JNAW LXFF É (QKALDHQN J IVTG)
Plaintext: B SLCRQJUW GMOE U KDFI, W QLDYSIVV Z BLBN HYRG É (APLEZEOO A ZFRX)
Plaintext: U UJLJIRNZ OTQY Z OQXK, O AJMDQNAS Q CFZF IWBE É (SGECAQLM S MPFY)
Plaintext: M BGTBAVFN SWGN X TOPA, Q FGZUKZRE I AQWQ GTTY É (TYCYYVJJ C BJWT)
Plaintext: E ENXGFAXJ XKIG U IXUR, I WEJMVJJJ T XNUJ ARUJ É (RJYZSHFZ V UFXE)
Plaintext: J SACEDPCO MGPY B KFJC, J OAVXSBUV M VZQH LNSG É (OCZXDRXA N MJSS)
Plaintext: H OYRBARAE OLSQ O ACKV, H ZJAQECNF K REZD IWPS É (MAXRAUIV X WFDZ)
Plaintext: E THTIHHXC EBGV M RMIT, E SWROJALX G AQME UJNX É (IWRCISWG N MPRW)
Plaintext: L JPJVUJEW GZCT E CYFP, C QGJKVXHY H NAWC ZTJJ É (RXCLMQDU J INYU)
Plaintext: Y HTLTSQRL NTHL N VDDQ, Y MSULFVIW F XSIW LFST É (EVLHIEAB Z YLVC)
Plaintext: W BYSCBTPE QIUJ A TUZO, H NXNJXRGT Z JTNH VKFL É (OFHLSVYY J IJTR)
Plaintext: F QNVKJHYW EMOG K PMII, U LOLDYAAR K OREE NBPM É (GPLHQWGW D CXBK)
Plaintext: N JPJONDGO TRZE W QXVT, E FGHOWNLN H FOWQ OTBS É (DJHRORVE Z YOQC)
Plaintext: R BFFTSIKQ UDWA B OQFQ, Q QRILTXIW T XMHV MEEG É (BFRPMCOT D CPJM)
Plaintext: W THKIHYNI SNIJ S IORC, V NKGXRJUJ Y IIAH JWCX É (JJPNAQGM Z YKBC)
Plaintext: L YOAKJPZJ MFNW K TKWH, M ZIACNOZT K BRYR ZOKY É (YFNLRXQE J IVLY)
Plaintext: N WRYAYAEH XGZG V QLNT, E EELOWFLF U ZEUU AYZT É (RPLZSUGO H GJBO)
Plaintext: D TFSRQXVE UEJS O CJFD, P QFIYJXVK M VORS VOSE É (JNZQNSCE F EQXY)
Plaintext: F ABZCBJNC GBBX M HDQV, I ADUQTINB N WGNQ GKKS É (TLQRYASA D CNNS)
Plaintext: M NVLVUOYY LZCO I TOJW, G SXZRFBOT L ODDE UAUZ É (JJRMMPCQ R QLXO)
Plaintext: P HTQTSARH XVAG J DLHU, C TILPKZME H EBNV BKKW É (FXMXTIWA I HTRS)
Plaintext: W DNCPOKPU HEXR H VXDR, D RFVMBVJW Y OJHW YEGU É (VOXLQASU J IINO)
Plaintext: S MYMQPCLE ZRVK B WCEP, B ORNKTWZO Z IYDR WAWC É (FPLSOKWQ E DBRY)
Plaintext: T ZVEONDMQ ABRI M UOCL, V MWOGEOAY U ERHC EEGR É (ZKSPWASU P OTNW)
Plaintext: R JHFIHBKV YNAE J RYWU, G IIMPWEVO F IJDQ TAAK É (VVPNLWCQ D CDXU)
Plaintext: L VMDTSYEM VSNF V PQHH, D RSJJOOGK T ETNX MKWC É (ZJNVEMAA K JTVF)
Plaintext: W AYAQPWPE TJXD A LRER, P EKZXYIUA A OJLU EIAM É (VQVKWWYY H GPNL)
Plaintext: T RIYCBSMP PBJX M UPQD, U OTAEOEBK X MFJS OGWC É (FNKDGQWW F EWER)
Plaintext: F JAUHGBYI YMOI W HMVI, G GRVBKIYE V KVHA EEGY É (DLDVWMKU N VTKI)
Plaintext: K UBDTSODG LFFF O RKHZ, V DFGZAEWA D IFVP ASEO É (BTVFSQBI J IIQZ)
Plaintext: W NZQDCYPC VDXR P DGRM, T BWUHKOEE S WZMI QJCY É (ZIFVIMCT O NEHD)
Plaintext: G LWAVUKZD HZIW N IPUB, R JXBWEMTA L NVNA AKAS É (NBVRSWDK Y XOYW)
Plaintext: Y HUMWVPRB MABI K ZJSU, P YSYPAKMK D OZIK UFOO É (ETRHMXHB D CZCU)
Plaintext: Z IQRUTGSV DYZS I MXQM, D RDWHEIEI N JVTA QQFS É (FDHRHMAF K JKVR)
Plaintext: X GZIRQYQG VSVK B BEEW, U JRERAWOG D UFHW UEGO É (ATRKRDYY T SQTI)
Plaintext: U AMAPOJND GDWT W UBVM, V TYTHKNEE Z IDOM QLBY É (LPKGCJVW Q PFQL)
Plaintext: S LWLLKCLP ZAOR H MZWI, Q JVMDIOAS P PBLW AIMW É (ZWGQNPMT N MWHY)
Plaintext: O IIEUTAHU XIEF V WHRY, B FTETGJQJ Z MZJQ YGAU É (BTQBTGPK C BCKD)
Plaintext: X UNCHGWQG AMOW C MWCI, P VBODEUAK T KNRM WOHF É (YIBMIXCN Y XIXN)
Plaintext: K ZEYRQXDV QIIX Z IPQC, W FQEXSIUF P SEGQ UDZL É (PEMSZBHA I HZCS)
Plaintext: U LWZDCVYT MSES X YHXY, T ZJATJPQQ T HFZM IPQR É (SOSHFURF T SQMZ)
Plaintext: G VHXIHFFR CQID F IRUC, R VBQXKMUE P AARW TZTI É (FZHYLSWP E DURI)
Plaintext: L NARZDPCP MOER U CHSY, Z ZLATFKQL Z SLBX KEGZ É (KKYECPDU K JNYF)
Plaintext: C OYCMLJAD GMOY N YDAI, O VBUDQSAI X CZOM BLLD É (UQEKTGMB Z YLHC)
Plaintext: U MULBAFIU CAMV F CTPG, H FXQBEHYG V SBXD FUVW É (ZFKBXJJK Q PIER)
Plaintext: F JRHUTJXV GRKT P YDIE, Z DNUZLAWO T YYUJ YRAU É (GWBSQWGH W VZBN)
Plaintext: Y ZNLMLFQQ CSIB F IXAC, J BXQXISUD M VPRP WOHR É (PCSWOBVE C BCQX)
Plaintext: P ADHWVPIB MNWQ B GTKQ, Z ZRALGCIP S SSGG TDQI É (MIWPLLRT T SPMI)
Plaintext: Z VNRMLNSP KYNJ R EXAH, V NNYCOSTZ J HFCX KZNL É (JZPNCQBP K JUWT)
Plaintext: P GHPIHLIW IMOB B CTWI, L ERWDDYKE A DKMB NJKY É (YQNKFXMZ O NEHZ)
Plaintext: L UDNYXJET GTJL V QDMD, V FNUYPVBL E NUXU AUZD É (UUKBSGXK H GJSO)
Plaintext: B BHLIHXUR UQUB R HBWO, P AXIIZSFU X YZIS FFVN É (ENBEXDDV F EQYP)
Plaintext: L YDZCBOEZ LOIX V IZQC, L LVTBEHYR V JGOP PLFS É (PLERHASB C BZSK)
Plaintext: F WNQYXPYO MWPN R DXMJ, P ZNKZLDWO S PPDG UAQZ É (AIRWMPJQ T SZOW)
Plaintext: B ELRCBKUH HLMX B OLQG, L BEBWUNTD J EMUJ BRBI É (GZWGTLPH W ECJU)
Plaintext: F TJMYXVYZ SEKR Z CCME, Q YKFNRYKZ M VJAW KXHF É (VCGLCVVN I HZVI)
Plaintext: B MHXIHJUJ GWSN X JDWV, W PQYQOJNJ Z BYGB HDWC É (MPLSZGMY S RSTX)
Plaintext: L EVLGFQEZ NGHR V GYXI, L SHWDDPAU E HUXL EUNR É (SUSBWRMW E DFHI)
Plaintext: J OMSEDNCV KWAN J EIMN, C FYTIZEFF O YEOQ TLTN É (YEBYLHBK N MFWT)
Plaintext: H ENPCBLAL ISSX A VBDX, I KCKSJVPL T PPSX PPZX É (PJYVVRMZ N MOHF)
Plaintext: F AINQPTYV QICV L IZJC, O UVNXUBUA A TALG ZIQI É (GQVBINXK R QASW)
Plaintext: T QTVHGIMP FSSN C NWPJ, F ZTAEFHBR J MGJD KGHT É (KZBUIIJV T SKEU)
Plaintext: K AHKIHBDL YMYE G XNGS, W GQFNLYKX G KVGA VDLZ É (DZUHRUAH W VGVX)
Plaintext: L UODDCTEP QHVK Z CQXP, A PHPKAPHD D HMXP BUEO É (ACHHDSYY T SBTH)
Plaintext: G QLVONDZL GRSQ X JDBM, T MKUHRTEU S YSAL QXCP É (MZHQNGBW M LNWT)
Plaintext: R UJFCBTKQ NCHH U SIUB, R JXBWXMTL O BYNV HKNK É (DSQCJVLZ Z YLGC)
Plaintext: F QRVJIPCW WNDY L PSSX, O YCKSDKPP Y OPSG NTEW É (BFCMEGXJ Z YZSC)
Plaintext: M AGRGFWAL TTNC O MXPH, F UMHCUHZI J TGCR YFCU É (EFMIQRGV I HOBG)
Plaintext: J YZHERTXC QIYV B BEGS, I ERENLYKG U DKHH WOFI É (OOIDODGE U TZBI)
Plaintext: H WRRVUIOI FZJT G XNJD, V PYTYPBVD A IDRR KOPX É (AADPCUKE E DKFL)
Plaintext: P UBKIHERO BFPQ Q HKWJ, A AHPEIOBU P PAVN ZSBI É (JKPNRSMI A ZWHI)
Plaintext: E IOGNMOEF LLEH V SHBY, K GEZTGTQX G WMXI KUKT É (JGNBCVPK V UNKB)
Plaintext: X TXQXWZJW WCVK C DWLP, P VBKKDDHK L YDAU VXKF É (NBBQNFMN H GLHO)
Plaintext: A KUBCBKTA HTBX L JSQV, W MQVQUINT X BBXS HUOW É (PNQBZRFK F EOAO)
Plaintext: F BRMJIQYT NXHC I YCXB, F SMBWXPYF V YEQG YNQU É (SLBMQASD T SYNX)
Plaintext: M FGSSRFFR CQYM F PNGS, C YWQNKWWO J RODV WATX É (PZMYOASQ I HKNJ)
Plaintext: V YCHPOWOO TOPR U VYDJ, Z PHHETYKO Y EADG ZAQH É (IOYPREBQ T STWT)
Plaintext: S WMYMLCLF ZLTY Q BEAN, O GSNCFBZS J EJMR JJJT É (VZPNBGNZ E DTII)
Plaintext: P TXEBAIII FCMH A STPG, K KYYNOYKU U NJYD VVWC É (VKNQNJXL Q PXJC)
Plaintext: E KIKXWZXV WFKE L JKLE, U DSWYORVX G ZNIU EFWC É (EWQAWGTV H GAHZ)
Plaintext: A NOBHGQTA NSHB W NQVB, F AOKKSEHU X JPES EBFG É (QNAMWZOR F KPBI)
Plaintext: K ADSSRUDK RXYQ C GWGS, U MJZBUEYN V FSZV IWRI É (ALMVAMAM O NEYL)
Plaintext: V FUWDCNOP KHBM R ENRE, G DVKZXNWA Y APLF KIBL É (WOVVCMYB B AWHH)
Plaintext: G PAPJILZW IMOW I BEHH, Q BTVCUZZA I MIJR NGXI É (RYVZFVPK T SJKR)
Plaintext: M UGNYXIFF FTTH O SCRR, M EHHMNJJJ U KVXA KUSB É (DKZBCELN R QNGA)
Plaintext: B BXKPOZUC WCDS U ENND, H OWYYAFVV D YVMA DJEO É (BTBEZIVJ B ALQO)
Plaintext: S KOBVUCLZ ZZIY X HYIM, T AHWHAAEF D NEXE QUCO É (PTEGMGET T SXZK)
Plaintext: Y HSEBAPRO MWPS L RKUM, R JSZHJMEB H YQIG QFQX É (EXGYQASC U TBNA)
Plaintext: E ELRSRUXK RLWO A DBSQ, F JEJLVKIW J JAUJ ZRFJ É (PAYLOXOQ J IZJD)
Plaintext: V TJWJIEOU BVYJ L MZGS, U NVVNFYKI M VWLG LIQT É (HPLPAGEM Y XTZQ)
Plaintext: M PGGNMJFF QIBV W MCVV, F PTEQBNNG J MRJZ VGBI É (VEPNEJHC Q PQCI)
Plaintext: Q ZXLGFQJU QIYT I QMGS, Q SWENWYKU C KDMM RJWC É (RWNZCFUF D CZPG)
Plaintext: J KASEDZOG URRH Z SYRL, C PGIGIJDJ P NBWM MCSZ É (HJZDWPMS H GCHQ)
Plaintext: H VNBBAZZQ WDEW X VHDY, T ISKTGVQU P XPIV BUII É (KNDBTYKK F EYFI)
Plaintext: E BSYSFCLM ZNEH A SHUY, R VBNTUMQF Y JERE KSLL É (XLBVCMUI R QIPJ)
Plaintext: V QCVEDZCH WJNS K LLSH, U VBKCJKZR K SPFI NCYH É (PXVSFIMS V URHY)
Plaintext: Y HHBHGSAT PEZE W YNVT, E EFDOUNLI U SHXG JUQR É (NBSBBYNK T SFIN)
Plaintext: L NRURQFDR CQJV F YQFD, Q QHQYFXVG Q YVYA TVOA É (XZBELBCL N MBXF)
Plaintext: Q YVHDCFNF COFT F HNRZ, Z AKQURJRJ D ZRNX CKYO É (PTEAUORA K JRMS)
Plaintext: G WXHMLOZU LCAW J TGAU, Z WHZPISMC A OHCG QZQK É (QQAKIGJP T SUEW)
Plaintext: P KAQMLAIF XRMG L DTAG, D RALBGSBU J DKUJ MRRA É (FZKTEEWH W VHRU)
Plaintext: P ZXCQPKIQ HCKS O ZTEE, F DNVZJYKS M VXHF CEGD É (UCTHUOAU S RZVG)
Plaintext: T KQMSRGMC DNYB L UCGS, I BNRNCZNC I IPLP FIVQ É (MYHDXGYY C BXTK)
Plaintext: V VDIVUBOT YZNB E GOJH, F PWMMUOJU S MNJY SGNI É (ZIDTKHKW L KHFX)
Plaintext: Y HDDSRNRR KQYF R EYGS, Y EIBWSDTV B KXVM KSAG É (DRTWCWOI Z YZWT)
Plaintext: V YMPLKLOU IOJH R SUZD, L PJKFCVCK P WPZI IWEQ É (BFWJALMM V UZWT)
Plaintext: O WYNYXZHE WRVK A HPMP, L HHNTUIQZ L AQXY SUCI É (NBJBKDGK L SHSH)
Plaintext: B ZIBYXOUQ LBMH M SBMG, R VBJPVMMR B YFRB KOOJ É (RRBZCQDE H GHSI)
Plaintext: B JEQHGZUZ WNKA W DZVK, D RYTFKKCE E SUOO LLSY É (PUZJDUMV F EAGO)
Plaintext: K VZBTSKDZ HWNN S PNEN, H HHCIZWFI R PMXG AUQN É (JHJBSSMJ L KYHF)
Plaintext: W ELMDCWPD TWXN N GMIA, F KKQVRASG J YZAE PXKF É (GZBCHASK L KZNJ)
Plaintext: G EJYZYNZF KAJW Z KWGS, Z XGMNEYKS H BDWO HTHS É (PXCRDVJQ U TZEH)
Plaintext: C IXPUTLVI ICSI L NFAQ, W PQCLISIW R XBGG UDQW É (SHRJBVNH W VTII)
Plaintext: X KMNGFOQF LFSJ O ATXA, F NZFVGPSU J HNPH YMTU É (OZJCCRLL T SOGI)
Plaintext: J NXQEDYCY VCYH K SPGS, I XNSNSYKO K QRDW WAPG É (YZCACRMJ B AOHW)
Plaintext: H KIASRKAL HZZB U QFJT, E PJKOWBLL Z EPZL IWZK É (QHABWFMK B AKHU)
Plaintext: V DUMHGTOL UMOY D AIFI, O QZIDUXAU O AJPD MMIX É (OHBBRGAK U TKVA)
Plaintext: K QLVSRTDR EQDH R SVPX, X FCSSOHPX G QGSQ KPPT É (PABVRMYY S RYTA)
Plaintext: V QJVDCXXD WOVK N TNYP, L UPKKLQHT T TPFU EGQT É (PYVQNDEW T SZZJ)
Plaintext: G ZMZPOAGH XAIG D ILMC, H MHLXUEUD X GSXS VMQH É (DZQQNHEC T SFZL)
Plaintext: S LWBGTPUF MEMQ G XVIG, X ZFABXAYM V YOVA JMEI É (BZQMBFNC N MWII)
Plaintext: J VIEKJEQZ BCKZ T PNYE, A DPPZTQWA H WYYV KVCO É (HTMMCGPL I HAKQ)
Plaintext: H RRGNMWGW TWWN L COBQ, N BHHLDTIW L GQAV QXIF É (HOMAIGMN I HYHQ)
Plaintext: K MFYAZJJF GTAJ J GDOU, F NIUPMGMM J BOXR HUIJ É (QOABZUUK E DZPJ)
Plaintext: U BXLSRNWI KCYZ T ESGS, D RXYNAYKP U YPFR LCRH É (SKBHDSUS E DZPH)
Plaintext: V KYPQPLOE IFSC L QKEM, N PMWHWWEG U GPFF JCTI É (PKHYBYNS S RNII)
Plaintext: T NNNAZXMO UBPP M UXOJ, F JEIEMGVM I GDYG KVQI É (XYYCCYLL T SLGI)
Plaintext: D JCZSRBWX YLYH B SBGS, G GRMNPBJM J ZBWM KTYW É (XZCACHMJ Z YRHC)
Plaintext: V TUDTSZOL WUBF Q MZHV, V PVKQGYKV P XHXD YUYU É (QFABQJMK Q PRHX)
Plaintext: W CHBIHTPH QIXP I JLWR, K STETMGQX G YHXH WURA É (OWBBOGGK U TABQ)
Plaintext: L QLVXWQEX NEHH V SPLB, C OFVKMGHU K YQRF COPA É (PABPUOBE S RCIR)
Plaintext: A MJSPOZTA WUQI Z VNDK, P YWJOVZLC I SSMG CJQJ É (PYPNUOBZ T SDPW)
Plaintext: S CVBCBCLN ZXEX X RHQY, T QWKMXXJC J NPMG LJQL É (JZNTDHXZ T AQQU)
Plaintext: F FZEGFYYF VKAM J BEUU, F OSQNUYKV J NXIU NFKI É (EZTTFFXV T SNVH)
Plaintext: J SXAEDICD FCQE N KNSS, Z PSHNCYKT X JXIS KFFQ É (ENTCCGLY B ALTA)
Plaintext: H KRKQPRAN OATR L YQAG, U PGLBCSYU V JQWY STFQ É (ALCEKGLW S RRGE)
Plaintext: T IOTUTFMF CKGV F UTVE, U DHJZVNWU B XOXY SUBJ É (AREBKGEJ B AIZA)
Plaintext: X SXHSRBQG YCYT C SKVK, Q BNKFTNCO B YPDH LABH É (ORBJOHIC X WQDE)
Plaintext: V KADMLROV ODWF K GORK, Q HEKFUJCJ K EPUJ JRPI É (PAJPUOEG U TZZA)
Plaintext: P LWTJIUIK RSGW L EMRT, E HIYOUJLJ M VJYG KVQI É (VCPNLPIC X WADQ)
Plaintext: M AGWSRHFC EHBW R KNFV, F QGWQOXNF J ZEWO KTWC É (MDNTTUEG K JHZI)
Plaintext: V PPJVUZOP WDYS I KNGS, L SHCNJYKF R XEXO EUNX É (HQTKCSUC H GIPQ)
Plaintext: Y HDBRQXRT OBGS M TBMA, C PHCVJEST R YAXH ZURQ É (LNKSDFMS F ENHH)
Plaintext: U UZZBAHNF XCGG K VZDA, G XVLVFVSU K YALF ZIMR É (HLSBKYUK L KLPQ)
Plaintext: E YPJKJZLZ ZCZH L SFHT, E XTNOFZLA I MOJG VCIW É (XRBCLCLS C BYGM)
Plaintext: N WSBYXZPU WWXN L AFFR, F QZKMTXJR J KPPG YTYU É (PICJQYUJ K JRPJ)
Plaintext: B IFCURHNU ERYE Z AOGS, F OZSNUYKV J QVPG WCQH É (XQJKOCQS T SVLM)
Plaintext: X MXRSRHOQ ERYI X TQGS, T PISNAYKT D QMBH JYYA É (OZKPBYNO U TRIZ)
Plaintext: N KVJGFAOQ XNSG D RNUM, R PKLHRMEU Y ZHYO CVPE É (XAPNUOQL B AVLW)
Plaintext: Q EYCEDYCE VNNH D SVSH, X JHJCVKZU Y ZLBP GYYA É (THNAYGDO C BRYU)
Plaintext: D VAAKJZAF WBNH M SVYH, X EPKCTQZI S CHOU CLUE É (QIATUOAB H GHVA)
Plaintext: N JXBKJZGL WCJV O MOYD, G EPKYUQVC X PXLS GIRA É (TNTXYFYY F EZTR)
Plaintext: N KFBTSTGC QIJT L HMHD, I AIEYUZYT V MPJF CGUQ É (GLXTUOEW S RHZZ)
Plaintext: W QFVVUOPG LZXZ T HNJR, F AGZMIZWC I KXPY SMHI É (DYTXKKVC L KYQI)
Plaintext: Y HYQSRORE LDYZ T DNGS, N OHZNCCJY B QOGC KDEQ É (BRXTCHDT P OHYJ)
Plaintext: V LWQAZKOF HBEI M DHOY, N PHVFTPCV F HXOY SLCH É (HVTJKKMB L KDHU)
Plaintext: D JXMAZKWF HCVK K RCOP, G VBYJCMGY B PTXC JUIQ É (YRJBBXNK P OAVF)
Plaintext: D KXMTSYWT VCZH L SCHT, E MIWFYKCL F YQYY SVZM É (GVBJKUUL L KHTQ)
Plaintext: W KRARQZPR WQXP L YYFR, F HPJJVQGI B ZTFO OCHJ É (PRJAGSVS B JHEB)
Plaintext: U YMBSRFNX COYP F PYGS, W LQCFYHCG R GGGG LDQM É (QHAJDYAT W VPPL)
Plaintext: V WMHSRWOX TUYI A TMGA, F HVGVLPSM J HDLO OIRZ É (XZJFGPYS L KWAF)
Plaintext: V CIYMLAOG XUMG A RNGS, G XTCNIYKD R MBJF BGYW É (YHFCTXPD L KXKK)
Plaintext: P CICHGYII VDKH W SFHA, N PGGVGZSL I KHWO YTZU É (DYCFQCJN C BJEM)
Plaintext: K LWAHGZDF WFQH W AJOR, O XZCMMGJU R XYPK WMEA É (BHFSZUOH W VRJD)
Plaintext: K NXBDCZDN WCQB X SFPA, T ODSVDHSV N QGTH CQCR É (ODSRASQM Y XVLP)
Plaintext: G KDBDCNZN KKZI K AJUW, R XZKRLMOC K UPPK TMPZ É (HARYMDHO B ANCZ)
Plaintext: G SUPRQLZG IKZP D RFST, E TDSOUKLD N QQTX BQII É (LHYZUOTF B ALOL)
Plaintext: U SYNSRRNE OOCQ H AVFW, X QZJRVXOI A UXPU KMMJ É (THZLYZDR J IWYA)
Plaintext: V LWTYXROF EUPV D WNYJ, B TPSECQBG X QYFS LCIU É (KPLTQJPB Q PHKA)
Plaintext: B JXTPOAUW ALMT H TVCG, X GHOBDUYT V GDXY SULF É (WWTXODEN R QSZR)
Plaintext: S KXCTSCKF XTKG D WMYE, B DPLZIQWM B YBFP TMXQ É (GXXPZIEC D CCZL)
Plaintext: W KLERQDGG ACQZ T JVCK, X BGOFGUCQ S GOWX SMHB É (SJPNKKVC L KWQN)
Plaintext: U EJBSJQKN NDHD L GRYB, N HPBWTQTM A XHFC DDTL É (HRNYVBPT P OBKQ)
Plaintext: V ZPJAZNGO KKPZ T EOOJ, F YLYEMGBQ J GLAU NXIF É (HVYJFNRN H GDMQ)
Plaintext: V ZPPSRLWT ILYD K KRGS, N GIWNQYKM K CTCS HZIK É (YNJUZXUP F EUPY)
Plaintext: J VBNAZROR OQZZ T BEOT, E PLCOMGLC R DKFD MCZM É (SLUEEJUS Q PGPF)
Plaintext: H YYTRQIWE FOGP P JBFA, N QYTVQXSU G GWFO OCTD É (UWEYGYCS B AQXG)
Plaintext: U WBKAZQNX NBHH M SZOB, J XVBWMGTM R GGNZ FKVP É (XHYDXYJA M LCES)
Plaintext: D JOSWVZWB WUMP P TFKG, G YTKBCCSM C OSUJ RRYZ É (XSDFJPKH W VRFA)
Plaintext: Z CLBTSASX XYKG C AWHE, J DZLZUDDD M VHVD BSYL É (FCFWTJWI Q PRRE)
Plaintext: W GJCWVHPB EUXP Z BEKR, W BQSMMGNX G WHHI NEGA É (MWWIFLEU V UIZW)
Plaintext: Z CPJJIISX FYQL X GNXK, T OYTKMGHZ L IYPK CMNA É (NBISUOIC X WCDN)
Plaintext: M GGKGFNFN KUUI D EOUO, R HHSPDOMC N QSTB CQOR É (ZDSEUOAG O NEAX)
Plaintext: J COPEDLCF IKQL U RVSK, X LVDRXVOC E UULN TIAL É (HUETLWYY A ZTMX)
Plaintext: H SXNKJYAN VCUY C KWYO, O TTNIZWFK Q MXJX NGIN É (LGTTFDJW K OUWT)
Plaintext: N KYABARGE OKQV L OBPK, X KEHUCIRR A KXUJ PRMQ É (DQTKHEUH H GDWT)
Plaintext: E SFTJIVXN SBGT M KZXJ, B WPMECQBS M VFFY SCEQ É (BCKEKQFZ F EHSP)
Plaintext: M JGXSRRFJ OKYZ T OMCV, T GAOQKUNE B GMQY SNCY É (MREGKYXV A ZHSM)
Plaintext: V SLTTSVOG SGGQ U KKUK, R SKFFRMCM B RNAP AXNF É (XRGJSMTV B AYOB)
Plaintext: W OJXAZRPJ ODXY Z JPSK, C HERFSKCQ S BZUJ HRYG É (IIJJKZQR L KVLJ)
Plaintext: D LWTBAHWW EGGH E VRDB, N HJBWEVTI M VHZL IWJS É (SCJFKLFO L KFAA)
Plaintext: E OPJGFZXT WTCV O KIOV, Y YLNQMGNG O ALBO UYTA É (MEFJBVND N MSIE)
Plaintext: J BTBEDHCR EQDT I KUZX, I SCCSQRPR R CDSO CPNE É (RTJJYVEL O NEZW)
Plaintext: H YPJRQYAX VZGE N BEJA, C UOCVIBSC R TBEW GBSW É (IUJAIRIC X WODU)
Plaintext: U WTAKJHNO FAGP P VQDA, H XYTVGVSN Z FMOD YLUN É (QDAXVRAG B AOVP)
Plaintext: N CPJONDGX ZMOA G XFII, J XKNDRAAX G PXAE WXRX É (HHXHHNYY B AKTQ)
Plaintext: R TFFKJAQB BUVK S AFKP, A FZPKCCHR H BIPQ HGIX É (LHHURKTW S RKOA)
Plaintext: N BXCONHST EYWE C AWBQ, M MZSLNTIW T QSPY ZBMT É (DYUGRZUR P OGPA)
Plaintext: R KFFKYHJR EQIJ O IQNC, W NQSXXFUY B QMGM VCET É (BVGQNHES Z YDZC)
Plaintext: N LWSJIPVC MOQL D PSXK, I ZKAFRPCP F HRPZ VMCP É (WFQQNYEC M LSZD)
Plaintext: D SFRVUWFN TZUC D QVJO, X HMHJWBGB X BIPL RMXM É (XSQMJCGC Y XABM)
Plaintext: V TAYKJXRY UKMO U CVYG, X LPIBYQYL V QQRV OOYB É (HEMMGUHE I HRCQ)
Plaintext: D SCZKJJGI GVKY O KDYE, O DPUZPQWX Y SHSV DPIJ É (HOMIVSQF I HVLQ)
Plaintext: N DFLBARGC OFVK Q OKPP, I BXCKBHHG Y TLBR LYIA É (JOIFDNUO E DNPH)
Plaintext: E NFTVUVXH SZGZ T GLJA, K MEGVLBZB U CDFR CCKE É (KKFUUOUS E DLPE)
Plaintext: Y HNXXWNRJ KERZ T EXLL, N XFYGXQVC U GBFN GCLW É (TKUCYYLS A ZGGO)
Plaintext: A MUPAZLTA IGBQ B PFOV, N IRWQGSVM Q GWWK YTUU É (XGCTQYIJ X WHDB)
Plaintext: D OVNAZWWM TXVK I AJOP, V SZHUBTRM N XXTZ WQYP É (XDTXOASG M LRNC)
Plaintext: D FHYIHHWW EJAM J LBWU, C MDZRCCOO C UHDH RAYQ É (OSXPJBFQ U TRIA)
Plaintext: L RPJPOSEI PTCP V VZDW, D RAVGMGDP K EHQY SNPA É (LAPNKKRD L KRBQ)
Plaintext: S BTUQPCLX ZFTP D PKEN, P IMVOMGLY B RJCC CZMA É (VRNIUOBP P QIZQ)
Plaintext: T NLECBWMX TUFX H UVQZ, B QWRFOXCC F DKMU CJWC É (IVIJUOBZ L KCPW)
Plaintext: F CJYKJBYO YUPE Z WGYO, L HWOJPUGC X NTMS EJJD É (UNJTWFXS O NEPU)
Plaintext: N CUDONDGI ALBF X NQMG, Y LSDBYEYT V NXIN FFVM É (ELTTXCAS S RBVQ)
Plaintext: R TFFGFUKK RFQR I ZUZE, K DSLZCRWQ Q JXIO OFFQ É (EGTVGYYY K JHTO)
Plaintext: J NQWEDGCN DHQZ T ORLZ, U BOCUCDRA R JOEY SBFQ É (AHVWHHUW Z YRPC)
Plaintext: H PAIPOQAN NKHD W GGVA, U WLGVTNSN B FLBY SYBH É (ARWEEASS B ARNF)
Plaintext: S SUSAZCLV ZKBA W EOVK, Q XAYFQNCZ B CVQA JNBE É (WREGKYGQ L KABG)
Plaintext: D SZELKRWC OSQM S ZFRK, Q HIWFAJCJ D RIYB GVXO É (TRGDUOJE C BTEA)
Plaintext: O ABTVURHD OKSW P AJRM, M HZRHNJEJ E ZUPK QMUB É (VIDJUOKH W VRFD)
Plaintext: Y HSTPOIRP EKTW E KBNN, J JDSIZFFF N QETO DQJC É (JCJTDUEI Y XHZH)
Plaintext: S IEKUTCLB OBCS M KZKW, Y KVCRJCOF R UELO PIKA É (METTWSHC V UHCZ)
Plaintext: X UOEWVESL OYGS D MUZA, G TTCVJRSB R MAJF ZPNQ É (NBTCUOLF B ANGO)
Plaintext: Z CAGNMTHY QIGO H NVHA, X XOEVFZSY I KAEC STOQ É (HHCVKMDJ L KLYQ)
Plaintext: Q GPJZJUPK RVXL Z WFYR, B XPFMFQJN F FWFY SLIW É (KRVTKASB L KHNA)
Plaintext: C YPJONDGU AHUA X AFCO, T OZOJBUGV P GTDH YALU É (ORTJQDUQ U TFPR)
Plaintext: M WGFGFHKU EREI S AHUY, R LZSTYMQM C QVFA WCPQ É (GAJJOEES N MTZL)
Plaintext: Y HPJEDHCQ ERRZ T RISL, M VBSGNKDQ O GJPY SMHO É (VTJPKYVC L KWQN)
Plaintext: N ZPJZYYAQ VNDD D ORNX, N ICJSVFPI B QMGO QDWC É (XRPNIBPT B AXKK)
Plaintext: C VRAAZVVM SNNV D YVOH, X ULGCMGZP R HNAO EXYF É (HHNJWFRN B ARMQ)
Plaintext: D VSXKJFWJ CJNT F LVYH, X EPQCQQST R BHCU HZIG É (YHJHZXOP H GUJA)
Plaintext: N RBHKJSGY PGJO G XMYD, Z EPDYIGSL X DKZS IWZA É (SNHVAMUM F EYPA)
Plaintext: N OFUMLEGG BVJP P HJAD, A AGPYPQYA V AOFO CCTD É (ULVYUOES B AQZJ)
Plaintext: P DFGNMOIX LDFZ T HTBZ, J ADZZTHWC R GGPM FMVH É (RHYZXYEC Z YFZZ)
Plaintext: Q LWQWVOJB LUCZ T DGKW, N WNSVLBSM P QVPA JMSZ É (XFZTBPNC N MHMW)
Plaintext: Z CTQAZKST HYRB K DSOL, N TISTADQD D QXYD BVYO É (HTTWTJGL Q PUYU)
Plaintext: D GDMAZKWR HQZC H ZCOT, E VBYHCAEX G ZHRE QOIQ É (HWWAILEE R JNVZ)
Plaintext: D YQMRQGWM DOQL R WCFK, X JZWKMGHZ H SYPY SMIA É (QXASKIUC I HLTR)
Plaintext: U WCIONDNN AJUP E LYCQ, X MPSLDQIW B QSFB CCRR É (JRSHUOUW P OHYY)
Plaintext: R RMFYXSKX PKMP Q TYYK, G NPQFXQCC E GUFF TCKL É (HUHJLYVB E DDQL)
Plaintext: B SMULKAUX XUKG A KZHN, Z HVEIZZFM I GRLX NIIN É (XYJTFLCT C BWXR)
Plaintext: O CICXWRHZ OUFD A QVAR, X KTHMWSJM A MXJM PGYK É (XQTKKLPA L KYKS)
Plaintext: A CITHGVTA SWGN T KTYJ, N OPIECQBV P KHFO MCYQ É (DFKNGXVN O NEQJ)
Plaintext: K EEXHGNDJ KXQI Z NHOY, N GNCTMGQO R GHDY SAEA É (BHNJZUWT O NERZ)
Plaintext: K FBPDCLDN IGGB X RKOA, T VBFVMGSM B EQRP COCA É (XUJFBSNU H GQIX)
Plaintext: G OQNDCGZN DHQZ T JLUK, R XEJFVMCC S SJUJ CRYJ É (YNFYHXDL F ENYE)
Plaintext: G SYIZYHZE NEHP R YFSB, N HFBWOKTC M VHVL LSWZ É (ZLYAHPBB B ALWT)
Plaintext: C SPJWVRVX CKBP F AIOV, L YZQQMGNI O WXPI EMAW É (QHAGTWIZ X WQDR)
Plaintext: Z JTTLKRWX EUDV I KMMX, Z SCSSCEPG L QXSO CQRU É (GDGGQJXG Q PISA)
Plaintext: O GLTTSRUG OUAT J BEAU, C UGCPCSMC R TDWY WFHZ É (EWGSOPVV S RPQD)
Plaintext: W QJVKOIIZ FDGP D VTDA, D RYTVIVSA B XBOL BDFR É (LYSPTQET Y XCZD)
Plaintext: N DEWQPCLX ZWQN G XVEK, X XNNFGWCO B PXPL TMMY É (AEPNLHHC Y XICW)
Plaintext: R PFEKJEMN BUQB K UFYK, A HPPFCQCR K EYSX APBL É (YENSSXHF K JJCU)
Plaintext: J ZDGNMBGN YKZE C AWBT, E HZMOATLS D TZSU NPZR É (HQSKFVAF H GAVQ)
Plaintext: H SFDRQHJT EKSF R KQFM, W QQSHOXEM X TQLS TIIS É (KNKRLCYY F EQTM)
Plaintext: U SPJJIRNR OQQZ T KSXK, L JKCFRPCQ V MGJX UGLJ É (KLREMRUW K JOPF)
Plaintext: M YGTYXRFN OOGC D TPMA, N HMCVSEWF A KEFP LCLZ É (DQEKDPQS C BVLH)
Plaintext: B WATAZAUL XKGG U MVOA, X XJLVMTBD S GLBW BYEX É (BIKLTYJO J IKEN)
Plaintext: D SCCKJTWZ QIMY O KFYG, O XPEBQTTM Z CAUJ ZRCE É (XPLCRBLH W VIGN)
Plaintext: N QZVBARGC OWKN Q AFPE, I DZCDFMAP M VYWP GTYT É (TCCSYBRJ C BRMM)
Plaintext: E EFTVUHXD EZGP N AOJA, K BZWQDKNP S XHCQ VZUR É (MISQNURP D CUJD)
Plaintext: Y HPJXWHRX EAEZ T GHLY, H XMBWMGTI T DKCH TZNA É (OJQXLSDP U TVLI)
Plaintext: A IPJUTNTA KUSQ D EFIM, N YYTXPCUG K DKOX CLPD É (UAXMUOAB K CYCA)
Plaintext: X CYPAZLQE IXVK D AVOP, E ZVAOPVLC A PDLV FIVD É (UQMKXKYY L KFHJ)
Plaintext: D FRNKJHWW EBWM M YVYJ, K QTNEIXBY Y MBJC FGVW É (GOKTXDDK N MXZK)
Plaintext: N JPJKJFGL CTQJ F MBLH, K GYTCGDZR F KXOR YLHU É (DVTWQFNC P OPIM)
Plaintext: N BFHTSTGN QITP D PDLO, W EQUJCDGT U PTGP WDEQ É (BKWWOQOL R QDJY)
Plaintext: W QFVMLWPX TKXZ T JQXD, T LXLYYPVZ S HMNY SKCM É (GIWPAIQM T SVLQ)
Plaintext: P SLYKJXIO UUPZ C HWUB, R AKBWRMTZ B OOAB OXHF É (YRPHSKCO B AJXN)
Plaintext: N CJZAZRGI OLEM U OXSK, W YQZFTKCL E BUGB HDZH É (FUHZGBUA P OBPS)
Plaintext: D TFTAZUWK RFTY B DOXN, O HRGIZPFI E HUHU JEGN É (SVZRYGRS S RDMA)
Plaintext: D NDWGFYWH VKTV O BEPN, V KIVIZHFG X IGYS PVTN É (FYRFMYWP Z YURC)
Plaintext: J PRAEDQCN FGMT U KCWG, I KYTBLOYL V ZDOO PLZM É (XFFXEHEU R QZZE)
Plaintext: H MUSAZFAE OZKY V NJJE, O DWCZIBWD R PBMK BJYD É (UXXLGIGC J IRBG)
Plaintext: D SVHYXHRK RBGQ M NYPA, P BDFVGHSK N NGTD YOVI É (ZPLDXKIE X WADI)
Plaintext: B CPJMLUXK RHCX C GWQW, G XSFRLIOX G UYIF KQAA É (HDDFCWKG P OBFQ)
Plaintext: P CSTPSNYW KHVK A EFHP, W TQYKDZHD I JFGQ CSIJ É (JVFWUOMI D CDHE)
Plaintext: S LWKJILPT ITXQ H AIXR, U MZWMKPJE O HSXI LUKK É (LJWBDLUK V UPPH)
Plaintext: T EONHGHFR EQDR W WIVX, B OCSSXNPV O QFFK MCMM É (NBBTEQIS X WHDO)
Plaintext: N CPJONDDW AODI U PBCX, Q UCOSDUPL A GXTB OQOY É (PDTCGYLG O NEGG)
Plaintext: Q WSFDCWKO TTPY D RZRJ, O UVHEEJBJ E UUWG ATQQ É (XUCDSASJ T SJNY)
Plaintext: G BSYBAYZV VLMW G XVPG, X GTJBVHYO J XZDY SAYN É (LZDFKCKQ L KRFM)
Plaintext: E TLAKJEXI BSKD G XRYE, A DPPZLQKQ B EHVH PSMS É (ORFRHECI U TTXE)
Plaintext: N AJGNMEGO BFPS Z JKBJ, A BLPEJGCS K WJNI UKPA É (VARJMGQA V UVLS)
Plaintext: Q NFGNMQJP NLHQ X GMBB, T GEBWOULU L OLBK CYWC É (NBJGUOIO X WXDK)
Plaintext: Q TBSGFNJG KMOZ T ESUI, R YGYPQXMC N CNTW EQOE É (FDGLWCWG J IZRR)
Plaintext: J UUPEDLCW IDBC P JSSV, N FMKRSEOQ Z UPHO GEGG É (TPLTYFOU B AHMH)
Plaintext: H LWNAZQAU NTHC I BEOB, J SJCDUWAT R IXZL IWUI É (LHTVAMQM Y XUQY)
Plaintext: D BCSWVIWB FRIV K IBKC, C FLLVCOSA O ALBQ KYMQ É (ZEVXCEHO D SAGG)
Plaintext: Z ZCKPOPSQ MYZT Q VZDT, B XCMSQCPS T COSY SPAE É (RJXZKWMF Q PAXP)
Plaintext: S GORRQCLO ZNPP Q BEFC, P UHOXTUUK B TVXA GUSH É (TRZBYKEA D CIFS)
Plaintext: U VLEXWINX FLNL C CWQK, H ZZAFAICY D YNPC JMUO É (KTBJBCTI U TCOH)
Plaintext: A TJKXWJTA GUUE Z TPIM, J HISHSAEQ F QFYE QVLG É (PVJXIZWR V UQRH)
Plaintext: A COLJIATA XXJG X CRKO, A JJPJKCGE H ZTZG IWQY É (HXXALLLU Z YZGC)
Plaintext: M FGCGFQFT NXHM D KDBQ, F LLULYTIW J ALBO AYIM É (QZACFPLJ K JSGY)
Plaintext: J FNSEDOCR LQQJ M MVGS, X NXCNQYKY R CZNC OKRE É (RHCKTFGJ O NEBI)
Plaintext: H YAQJIVAN SOGL N OSYA, G PPEVEQSP F ORFF GCSS É (TUKECWCE U TIXF)
Plaintext: M WGXBAKFJ HAUC P QXHO, H XMGJWZGU I GTCM UZUK É (OAESVEMA U TYHS)
Plaintext: E SHMIHIXC USXH B SFIR, J LRIMYAJM P DKHE MEGR É (JASBHNJK C BPEJ)
Plaintext: L OYKVUREB WGEZ T AHKY, V OZKTPCQV H IPPW OMKH É (FIBULQWH W VXRK)
Plaintext: Y HOTBAUSP EYWI Q OJWQ, N VBSLUOIW Z QHRK FEGY É (PCUGBFNU K JGIO)
Plaintext: E JMWCBVEH SMOJ V RLOI, K NDGDMGAY N SQTC AVQG É (MQGKSFOL T SJJZ)
Plaintext: F PTWTWYWJ VECL D YNLW, P FFJRVDOK F URVZ IWNP É (ZZKAAASM M LYND)
Plaintext: W PIPCBFTA CGUX F QVQO, X THQJWIGC T WTDL RAAS É (QSARJWDQ Y XYYJ)
Plaintext: M BGHKJXYF UXIP H IJYC, Z LPIXYQUZ L YOOP ULRH É (RERZMGHB C BTCJ)
Plaintext: K YXZMLPGX MCAM J WMAU, B ZDAPKSME N PJSF JPSH É (VIZIBDNF S RPIR)
Plaintext: R KFRONDIG AUCR L OTCW, D RGORCUOM I TFYW JVWC É (GYILBQNL J IZIL)
Plaintext: R CTFQPVKH SDTZ T CLEN, F TNGIZWFE Z ZPYE EVHY É (KPLAWHVL R QWQZ)
Plaintext: T LWXSRJMJ GEYB H UDGS, N KFUNEYAV H ZMGN ADLI É (QXAASIPT A ZJKI)
Plaintext: V MDLAZBOV YGQD K WROK, B PXMFMPIW Q HZAQ KXRF É (QGAVCMDN D CAYB)
Plaintext: D OVDONDWN ASZF R NJCT, E HLOOETRA T BQOF HLRS É (YJVRZXMB S RBHN)
Plaintext: R ANFRQUKK RKAH J SXFU, L QDFXVZUL I PRXF UUZJ É (SYRBMBFK S RFAH)
Plaintext: U SBWYXZNP WHCP B KPMW, D RRAMWZJP I YVQA LNTK É (GYBYDHRD N MQRM)
Plaintext: B PTBQPRUX OMOD P TREI, V TMIMAHJV D RGCW MZHO É (PTYLEHVP J IGGG)
Plaintext: T UHTIHAMZ XUGG H UIWA, J OQRHLBEV Z DKGG QDQZ É (IPLCIPLT T CVLL)
Plaintext: L CZCWVBEB YWDN V WNKX, F JGUDPPAD J HQWD BTJD É (UZCDTJCJ M LWFO)
Plaintext: Z EBDONDSD AYIF N IFCS, Y FXJNVYKX G XQNQ FKVJ É (YWDHXXKI U TNKE)
Plaintext: R GSFCBPKF MAQX P AOZP, K PFJKVRHL T OYVH LSZJ É (OJHSDGSN V ULNE)
Plaintext: F IXRUTHYN ECSL G XXLC, O MOEXDDUU K WSEI LBPR É (FASWDLIQ X WPDY)
Plaintext: X KPJWVEQB BKUD L SMPT, E ZRAOXHLN L FGHM TEGL É (NBWCQQIG X WTDW)
Plaintext: Z SYGNMJSE GYWR J PMFU, V QGKPLXMZ P IPWX NTOZ É (WFCYOFCG O NEXU)
Plaintext: Q GZLSRRJL OBYM S CHWY, D RGHTUOQD A XIWB BTXI É (ZQYPSKAA A ZJVS)
Plaintext: V JBTKJTOD QIPQ V TDEJ, M VBUENWBT E XURH KOAB É (OGPNWEYY P OYTB)
Plaintext: N QNVTSVGV SLTG K UNNN, P GXLIZFFK K SYNH DKPN É (FVNRHJWW Q PDRJ)
Plaintext: W IFXUTXPJ YFZX K YKQT, E KHMODILS K OOXP PUPH É (DWRVMMFU H GXAK)
Plaintext: X ACZWVZQF CTZF F JXFT, E QEQOTXLB S YFUJ TREM É (BNVGBCND F ECIM)
Plaintext: Z OHBIHHNY NCHO B NOFB, Z QRBWKXTE M VNHX JVCG É (ZLGLGCOL J IFJM)
Plaintext: L GPJAZUNK RVBR L TPAV, V YIFQSSNT A IWYG IWAL É (IPLAAWQM N MVLD)
Plaintext: D URXXHAIO XHPG I TTWJ, F SJLEBOBT J ZZZL NYJO É (QTAFFUQO Y XVLP)
Plaintext: A MTASRAEE XLYG V BEGS, C GNLNEYKO C AOBQ QYRE É (REFZISHO D CPCE)
Plaintext: F OVCPOIOV FBRB M VIDL, P PYTGTVDK O EFSF GPSE É (TJZEYQTF S RNOF)
Plaintext: N FDKCBCLD ZSDX N JOQX, G ICNSTIPU S TDEK GBUY É (TYEHYZIR X WLDW)
Plaintext: P AOETSQYM NAHH R SOHB, H UIBWOZTR N FBTE AQUW É (KDHXSHJG R QJEU)
Plaintext: W ISSUTZPP WJXE C LWIR, L YIKMKAJV H UZUJ YRLU É (WXXXQIAH W VSVY)
Plaintext: X RYBYXSQE PMOR G XQMI, W OQDDUEIW M VILM WIXS É (LCXROKYY Z YATC)
Plaintext: B UYUJIEUE BBWI M BEXQ, A FKPLRTNY P MQJC UGMB É (MFRPMKCW P OBXN)
Plaintext: M JGGNMIFZ FBFJ M RNBZ, G NYTUVFQY F KRNC DKNJ É (DVPNVBGA P ODBS)
Plaintext: Q JAKTSYJV VWIN U IGHC, G WHJJWUGP F OTRW LOEK É (BVNLDNRE J IDMM)
Plaintext: W EOATSPPF MSXY O QSHR, O ZAIJYVGB Z STCU MZCM É (FPLUECWP H GUCY)
Plaintext: W AXRBAXPC UCXC C ZWPR, I ORNDYMAQ X DKHS OEGM É (JNUCGDLU F EVLR)
Plaintext: E KQZVUGXP DZSI L CMJM, W FGQBPKYR V IWWQ OTKD É (ULCDGUQJ D YAXC)
Plaintext: Y HCIJIJRG GMOI E RDXI, Z DLGZBOWI T XLBZ FYVP É (ZJDFXSKO R QGQS)
Plaintext: M UGLSRYFH VDYQ Q RLGC, K BFGXQSUG C CMVH RSAE É (OSFFJWPT J IGBZ)
Plaintext: V LWALKYOL VEVK U MULL, P ZKAGRDDK K WDAI GXPF É (TAFWYAWE M LORH)
Plaintext: O MNAXWTHW QIIY K IJQT, E INYOIILO L BBDK HAUW É (NBWIZXDU M LBYN)
Plaintext: A QVVBAPTA MTZH B CJFU, J QDWPGXMZ N EFTK YQOU É (SDIXJBLB D CKGD)
Plaintext: E BERRQZXG WXAA O LDKW, D RDURKCOE N UJTB WQTY É (VDXIRKRJ Y XQMR)
Plaintext: U FHBIHWNG TDER R TBEW, I TXDROWOT E UUNN AKWC É (LUIIEWHP P OUCO)
Plaintext: L LWYQPJEO GDTG H UZJN, L TVLIZBFY Q OZLC EIMN É (LVIQNPVF U TDQG)
Plaintext: T LWLZYAMI XQFL H WXMZ, B KTMUEERS F MOJD PGMS É (UAQDTAST A ZPNY)
Plaintext: C TRCCBBVW AOUF B WGCO, B WROJTUGX G KTHU UEGM É (KGDMXQKQ A ZIFB)
Plaintext: F NNDRQFYZ ASVK Z NOCP, V LAOKYUHA X INQS JNLY É (YGMSGXCI I HTXB)
Plaintext: U BXHRQQKK RWMN X ZPWG, T MIFBSOYQ V RSYW OKZR É (VOSWSFFA V UJAS)
Plaintext: U KUSMLGEP DHKD V ORUE, R DJRZXMWQ Z ZVZA TNWC É (NBWFLLFD E DQAN)
Plaintext: P DHWIDVCE SMOD E PRSI, P BLGDAKAK D ALBX ENOS É (FKFRWBWD K JYRE)
Plaintext: L PYCCBWAJ TBSX M GIQM, Y FLHHQIEI O CLHB UEGZ É (IQRKMPRU O NEMJ)
Plaintext: V TZYLKNYD KGDV N EUZX, G JCYSQRPG T CUCK BZJH É (IUKVTMIP X WUDP)
Plaintext: S JBPTSLHI IAIT P IJHC, H UOWXKZUE I DKTW JQJN É (ZDVLBENG J IIIP)
Plaintext: F ISNUTPPL MFXR P MKIR, J ZDAMIAJN Z UYYP PVAD É (UPLSHWTL C BFOX)
Plaintext: X NERWVTQB QICA G XBKW, J OEERGCOK S ZVEA FBVR É (LISAXZTR N MXOK)
Plaintext: Z QTVWVESB BYWI S CZKQ, A TVPLECTN D FNEQ TBMO É (QTAGLZBR D CPWT)
Plaintext: Z GUGNMJSV GYBJ H RDBV, M NTUQNDEN T FFMX QJRG É (WJGWIQOZ K JSJZ)
Plaintext: Q GLLZYYJT VSEL I WHNY, B SXJTKUUE A NIZF IWXY É (WQWKALXM S RSSD)
Plaintext: C AJAONDVR AQUL Z QSCO, C VBOENZBZ I AIIL AFXB É (EYKHSCDV Y XJYP)
Plaintext: R YNFPOXKP UOUC X VXDO, T LMTMNFJQ O JZOB DLFB É (REHZVHHB O NEYI)
Plaintext: S WRZGFCLY ZMOO B YMUI, R LCESEFPV E PUSP DPSS É (AUZRVNQF C BTOO)
Plaintext: J UCEEDFCG CVMD F ORSG, V ULUIZNFB S TLBM UYBN É (GIRUMNCO Z NEHR)
Plaintext: H DHHIHVAH SDKE Q OLWE, Q KXBWQATB P CQNE PKHE É (KFUUHVVA S RANX)
Plaintext: L LWXMLVEJ SEIV V IQAY, W YQJTVJQJ H OWGW GDLJ É (TXULYIGQ Z YSQC)
Plaintext: P MBXXWPIJ MGRT K GTXQ, A VBPLBPIW Z HWRZ LOUP É (FPLGDRBT J ITWT)
Plaintext: A OVRCBNTA KGZX P EEBI, J NRFDBTAF C SEHZ REGP É (YSGXJMGZ T SFBH)
Plaintext: F OAPRQLYM IXAB J YMKL, V FYTGJCDL C IROQ RLZX É (JSXCVXXE N MASW)
Plaintext: U FDNWVJNB GJCM F QSWL, O IGQGWODP T PAWL ZTKK É (ZJCCWNLV D CFGU)
Plaintext: Z RTLQPSSC PYCC V IIPC, Z IMIXFHUY O XGCC MZAT É (GECUIGAJ N MQVD)
Plaintext: T GTUVUAMT XZDL C LWAX, P ZCASLSPK F DKSH VPHZ É (OTUVDMYY Y XGTH)
Plaintext: Y HNCYXBRR YJUX K LTQO, W UQDJPIGD K TTGN BDPD É (OEVHIPHW U TZCO)
Plaintext: B YLDONDUV PRZQ Q CLXT, E LNDOYPLO Q HFDN FAVP É (DAHCTVLF M LFGY)
Plaintext: R WJFONDKQ GEFB G XDFZ, K QFUUKXRE Q EYVV OSEI É (BSCHJASJ N MINI)
Plaintext: R AHFIHUNW BNFR U OGLZ, A WXPUDDRL Y WJNI AACO É (KTHSCRCQ Z YOXC)
Plaintext: L EQWGFVTA STNY R TGBH, O WAGCOTZT L OZQR QKLR É (OFSIIFMA U TTHS)
Plaintext: J PYIEAAJJ XXAG J ZXPU, L EALPEHMZ U RGQM TUPX É (VAIBLUGK Z YKBC)
Plaintext: H UZXYXGXV DGJM B ZSMD, D RRRYLEVP A RORX ZOWC É (FFBHRSWE K JYRN)
Plaintext: F JBIQPGUO DSPC E HJEJ, V AMRETWBD E IOHN EEGT É (PQHKWBGU A ZNBJ)
Plaintext: O OHIIHOMZ LLTQ E UOWN, Y GDZIZOFA N IDRG VOQH É (JGKQNFRE T SLMB)
Plaintext: W TCQLKBEP YWCN V DUZW, Y KIMRPROS J SBCM JZKW É (ZZQVBMNP Z YUIC)
